#
# A fatal error has been detected by the Java Runtime Environment:
#
#  EXCEPTION_ACCESS_VIOLATION (0xc0000005) at pc=0x000000006e13c6a1, pid=5328, tid=0x0000000000002818
#
# JRE version: OpenJDK Runtime Environment (8.0_152-b06) (build 1.8.0_152-release-1136-b06)
# Java VM: OpenJDK 64-Bit Server VM (25.152-b06 mixed mode windows-amd64 compressed oops)
# Problematic frame:
# V  [jvm.dll+0x6c6a1]
#
# Failed to write core dump. Minidumps are not enabled by default on client versions of Windows
#
# If you would like to submit a bug report, please visit:
#   http://bugreport.java.com/bugreport/crash.jsp
#

---------------  T H R E A D  ---------------

Current thread (0x0000000018ea6000):  VMThread [stack: 0x000000001a560000,0x000000001a660000] [id=10264]

siginfo: ExceptionCode=0xc0000005, reading address 0x0000000000000002

Registers:
RAX=0x0000000000000000, RBX=0x000000001bf99cf0, RCX=0x0000000029a6ce76, RDX=0x0000000002cf0530
RSP=0x000000001a65efb0, RBP=0x000000001a65f069, RSI=0x000000006e8583a0, RDI=0x000000001bf99cf0
R8 =0x0000000005322308, R9 =0x000000001a65f000, R10=0x0000000005322a30, R11=0x0000000005322b00
R12=0x0000000000002000, R13=0x0000000005322b00, R14=0x000000000000f000, R15=0x0000000000000000
RIP=0x000000006e13c6a1, EFLAGS=0x0000000000010246

Top of Stack: (sp=0x000000001a65efb0)
0x000000001a65efb0:   000000001bf99cf0 000000006e8583a0
0x000000001a65efc0:   000000000000f000 0000000005322b00
0x000000001a65efd0:   0000000000000001 000000006e145394
0x000000001a65efe0:   0000000000000001 000000006e8583a0
0x000000001a65eff0:   000000006e8583a0 000000006e678e28
0x000000001a65f000:   0000000000000000 0000000005322ab8
0x000000001a65f010:   0000000005322ae0 0000000005322910
0x000000001a65f020:   0000000005324529 000000006e6e0060
0x000000001a65f030:   0000000005322308 0000000002000000
0x000000001a65f040:   0000000005322ae0 0000000005322ae0
0x000000001a65f050:   00000000053232a0 0000000005322ae0
0x000000001a65f060:   00000000053232a0 0000000005323358
0x000000001a65f070:   000000006e6882f8 000000001a65f000
0x000000001a65f080:   0000000000000000 000000006e112f5d
0x000000001a65f090:   000000006e6e5a90 000000006e13adf9
0x000000001a65f0a0:   000000006e858310 000000006e6e5a90 

Instructions: (pc=0x000000006e13c6a1)
0x000000006e13c681:   53 48 83 ec 20 48 8b d9 48 8b 09 e8 cf 0c 26 00
0x000000006e13c691:   48 8b c8 e8 77 64 00 00 84 c0 75 1f 48 8b 43 08
0x000000006e13c6a1:   48 8b 58 02 e8 16 fb 05 00 33 c9 48 3b d8 48 0f
0x000000006e13c6b1:   44 d9 48 8b c3 48 83 c4 20 5b c3 48 8b cb 48 83 


Register to memory mapping:

RAX=0x0000000000000000 is an unknown value
RBX=0x000000001bf99cf0 is an unknown value
RCX=0x0000000029a6ce76 is an unknown value
RDX=0x0000000002cf0530 is an unknown value
RSP=0x000000001a65efb0 is an unknown value
RBP=0x000000001a65f069 is an unknown value
RSI=0x000000006e8583a0 is an unknown value
RDI=0x000000001bf99cf0 is an unknown value
R8 =0x0000000005322308 is at entry_point+-24 in (nmethod*)0x0000000005322190
R9 =0x000000001a65f000 is an unknown value
R10=0x0000000005322a30 is at entry_point+-176 in (nmethod*)0x0000000005322910
R11=0x0000000005322b00 is at entry_point+32 in (nmethod*)0x0000000005322910
R12=0x0000000000002000 is an unknown value
R13=0x0000000005322b00 is at entry_point+32 in (nmethod*)0x0000000005322910
R14=0x000000000000f000 is an unknown value
R15=0x0000000000000000 is an unknown value


Stack: [0x000000001a560000,0x000000001a660000],  sp=0x000000001a65efb0,  free space=1019k
Native frames: (J=compiled Java code, j=interpreted, Vv=VM code, C=native code)
V  [jvm.dll+0x6c6a1]
V  [jvm.dll+0x75394]
V  [jvm.dll+0x6b2cf]
V  [jvm.dll+0x3ca3c9]
V  [jvm.dll+0x3cb70e]
V  [jvm.dll+0x3cbd1b]
V  [jvm.dll+0x8abc5]
V  [jvm.dll+0x2657fc]
V  [jvm.dll+0x223e97]
V  [jvm.dll+0x223152]
V  [jvm.dll+0x2235d1]
V  [jvm.dll+0x2237ee]
V  [jvm.dll+0x26d9aa]
C  [msvcr100.dll+0x21d9f]
C  [msvcr100.dll+0x21e3b]
C  [KERNEL32.DLL+0x13034]
C  [ntdll.dll+0x73691]

VM_Operation (0x000000003b8a97b0): CollectForMetadataAllocation, mode: safepoint, requested by thread 0x000000002082d800


---------------  P R O C E S S  ---------------

Java Threads: ( => current thread )
  0x000000001db95800 JavaThread "Cache worker for Java compile cache (D:\Data\Dev\Android\LiQunALiFacePay\.gradle\4.6\javaCompile)" [_thread_blocked, id=6688, stack(0x000000003c6b0000,0x000000003c7b0000)]
  0x00000000229d7800 JavaThread "stdout" daemon [_thread_in_native, id=20944, stack(0x000000003c5b0000,0x000000003c6b0000)]
  0x00000000229d6800 JavaThread "stderr" daemon [_thread_in_native, id=17136, stack(0x000000003c4b0000,0x000000003c5b0000)]
  0x00000000229d6000 JavaThread "stdout" daemon [_thread_in_native, id=21420, stack(0x000000003c3b0000,0x000000003c4b0000)]
  0x00000000229d2800 JavaThread "stderr" daemon [_thread_in_native, id=11340, stack(0x000000003c2b0000,0x000000003c3b0000)]
  0x00000000229d3800 JavaThread "stdout" daemon [_thread_in_native, id=2928, stack(0x000000003c1b0000,0x000000003c2b0000)]
  0x00000000229d5000 JavaThread "stderr" daemon [_thread_in_native, id=19668, stack(0x000000003c0b0000,0x000000003c1b0000)]
  0x00000000229c9800 JavaThread "stdout" daemon [_thread_in_native, id=11424, stack(0x000000003bfb0000,0x000000003c0b0000)]
  0x00000000229cf800 JavaThread "stderr" daemon [_thread_in_native, id=22220, stack(0x000000003beb0000,0x000000003bfb0000)]
  0x00000000229ce000 JavaThread "stdout" daemon [_thread_in_native, id=17432, stack(0x000000003bdb0000,0x000000003beb0000)]
  0x00000000229ca800 JavaThread "stderr" daemon [_thread_in_native, id=20844, stack(0x000000003bcb0000,0x000000003bdb0000)]
  0x00000000229cd800 JavaThread "ForkJoinPool.commonPool-worker-6" daemon [_thread_blocked, id=18064, stack(0x000000003bbb0000,0x000000003bcb0000)]
  0x00000000229c9000 JavaThread "ForkJoinPool.commonPool-worker-4" daemon [_thread_blocked, id=2412, stack(0x000000003b9b0000,0x000000003bab0000)]
  0x000000002082e000 JavaThread "pool-22-thread-1" [_thread_blocked, id=21172, stack(0x000000003b8b0000,0x000000003b9b0000)]
  0x000000002082d800 JavaThread "Task worker for ':' Thread 5" [_thread_blocked, id=17944, stack(0x000000003b7b0000,0x000000003b8b0000)]
  0x0000000020833800 JavaThread "Task worker for ':' Thread 4" [_thread_blocked, id=10000, stack(0x000000003b6b0000,0x000000003b7b0000)]
  0x0000000020832800 JavaThread "Task worker for ':' Thread 3" [_thread_blocked, id=2280, stack(0x000000003b5b0000,0x000000003b6b0000)]
  0x000000002082f800 JavaThread "Task worker for ':' Thread 2" [_thread_blocked, id=16840, stack(0x000000003b4b0000,0x000000003b5b0000)]
  0x0000000020832000 JavaThread "Task worker for ':'" [_thread_blocked, id=7952, stack(0x000000003b3b0000,0x000000003b4b0000)]
  0x000000002082f000 JavaThread "Cache worker for Build Output Cleanup Cache (D:\Data\Dev\Android\LiQunALiFacePay\.gradle\buildOutputCleanup)" [_thread_blocked, id=21928, stack(0x000000003b2b0000,0x000000003b3b0000)]
  0x0000000020825800 JavaThread "Cache worker for task history cache (D:\Data\Dev\Android\LiQunALiFacePay\.gradle\4.6\taskHistory)" [_thread_blocked, id=4972, stack(0x000000003b1b0000,0x000000003b2b0000)]
  0x000000002082c800 JavaThread "Cache worker for file content cache (D:\Data\Dev\Android\LiQunALiFacePay\.gradle\4.6\fileContent)" [_thread_blocked, id=12648, stack(0x000000003b0b0000,0x000000003b1b0000)]
  0x0000000020825000 JavaThread "Build operations Thread 6" [_thread_blocked, id=19864, stack(0x000000003afb0000,0x000000003b0b0000)]
  0x000000002082b000 JavaThread "Build operations Thread 5" [_thread_blocked, id=19996, stack(0x000000003aeb0000,0x000000003afb0000)]
  0x0000000020827000 JavaThread "Build operations Thread 4" [_thread_blocked, id=18740, stack(0x000000003adb0000,0x000000003aeb0000)]
  0x0000000020823800 JavaThread "Build operations Thread 3" [_thread_blocked, id=18484, stack(0x000000003acb0000,0x000000003adb0000)]
  0x0000000023006000 JavaThread "Build operations Thread 2" [_thread_blocked, id=20268, stack(0x000000003abb0000,0x000000003acb0000)]
  0x0000000023004800 JavaThread "Build operations" [_thread_blocked, id=512, stack(0x000000003aab0000,0x000000003abb0000)]
  0x0000000023003000 JavaThread "Cache worker for Artifact transforms cache (C:\Users\MoeRookie\.gradle\caches\transforms-1)" [_thread_blocked, id=13108, stack(0x000000003a9b0000,0x000000003aab0000)]
  0x0000000023003800 JavaThread "Cache worker for file hash cache (D:\Data\Dev\Android\LiQunALiFacePay\.gradle\4.6\fileHashes)" [_thread_blocked, id=22252, stack(0x000000003a8b0000,0x000000003a9b0000)]
  0x0000000023002000 JavaThread "Stdin handler" [_thread_blocked, id=22348, stack(0x000000003a7b0000,0x000000003a8b0000)]
  0x0000000023000800 JavaThread "Asynchronous log dispatcher for DefaultDaemonConnection: socket connection from /127.0.0.1:50564 to /127.0.0.1:58626" [_thread_blocked, id=440, stack(0x000000003a6b0000,0x000000003a7b0000)]
  0x0000000023001800 JavaThread "Cancel handler" [_thread_blocked, id=16072, stack(0x000000003a5b0000,0x000000003a6b0000)]
  0x0000000023005000 JavaThread "Handler for socket connection from /127.0.0.1:50564 to /127.0.0.1:58626" [_thread_in_native, id=10748, stack(0x000000003a4b0000,0x000000003a5b0000)]
  0x00000000229d4000 JavaThread "ForkJoinPool.commonPool-worker-3" daemon [_thread_blocked, id=15456, stack(0x00000000398b0000,0x00000000399b0000)]
  0x00000000229d2000 JavaThread "ForkJoinPool.commonPool-worker-0" daemon [_thread_blocked, id=20960, stack(0x00000000395b0000,0x00000000396b0000)]
  0x0000000020824000 JavaThread "Daemon worker Thread 9" [_thread_blocked, id=15284, stack(0x00000000382b0000,0x00000000383b0000)]
  0x0000000020829000 JavaThread "Daemon Thread 9" [_thread_blocked, id=17896, stack(0x0000000037fb0000,0x00000000380b0000)]
  0x00000000229cc000 JavaThread "Memory manager" [_thread_blocked, id=11720, stack(0x0000000025c70000,0x0000000025d70000)]
  0x00000000229cc800 JavaThread "pool-1-thread-1" [_thread_blocked, id=14464, stack(0x0000000025970000,0x0000000025a70000)]
  0x000000001d97f000 JavaThread "File lock request listener" [_thread_in_native, id=1844, stack(0x000000001f0a0000,0x000000001f1a0000)]
  0x000000001dd1a800 JavaThread "Cache worker for file hash cache (C:\Users\MoeRookie\.gradle\caches\4.6\fileHashes)" [_thread_blocked, id=10648, stack(0x000000001eea0000,0x000000001efa0000)]
  0x000000001d7cb000 JavaThread "Daemon periodic checks" [_thread_blocked, id=17472, stack(0x000000001e3a0000,0x000000001e4a0000)]
  0x000000001d68d800 JavaThread "Incoming local TCP Connector on port 50564" [_thread_in_native, id=11620, stack(0x000000001e1f0000,0x000000001e2f0000)]
  0x000000001bdd8800 JavaThread "Service Thread" daemon [_thread_blocked, id=17468, stack(0x000000001c600000,0x000000001c700000)]
  0x000000001bd4f000 JavaThread "C1 CompilerThread2" daemon [_thread_blocked, id=18288, stack(0x000000001c500000,0x000000001c600000)]
  0x000000001bd4e000 JavaThread "C2 CompilerThread1" daemon [_thread_blocked, id=17956, stack(0x000000001c400000,0x000000001c500000)]
  0x0000000018efd000 JavaThread "C2 CompilerThread0" daemon [_thread_blocked, id=15396, stack(0x000000001c300000,0x000000001c400000)]
  0x0000000018ef2800 JavaThread "Attach Listener" daemon [_thread_blocked, id=14204, stack(0x000000001c200000,0x000000001c300000)]
  0x0000000018ef1000 JavaThread "Signal Dispatcher" daemon [_thread_blocked, id=4748, stack(0x000000001c100000,0x000000001c200000)]
  0x0000000002dcd000 JavaThread "Finalizer" daemon [_thread_blocked, id=17808, stack(0x000000001a760000,0x000000001a860000)]
  0x0000000002dc4000 JavaThread "Reference Handler" daemon [_thread_blocked, id=16044, stack(0x000000001a660000,0x000000001a760000)]
  0x0000000002cd3800 JavaThread "main" [_thread_blocked, id=12696, stack(0x0000000002bd0000,0x0000000002cd0000)]

Other Threads:
=>0x0000000018ea6000 VMThread [stack: 0x000000001a560000,0x000000001a660000] [id=10264]
  0x000000001bdda000 WatcherThread [stack: 0x000000001c700000,0x000000001c800000] [id=2236]

VM state:at safepoint (normal execution)

VM Mutex/Monitor currently owned by a thread:  ([mutex/lock_event])
[0x0000000002cd0a50] Threads_lock - owner thread: 0x0000000018ea6000
[0x0000000002cd02d0] Heap_lock - owner thread: 0x000000002082d800

Heap:
 PSYoungGen      total 175616K, used 41877K [0x000000078ab00000, 0x0000000799500000, 0x00000007c0000000)
  eden space 118784K, 0% used [0x000000078ab00000,0x000000078ab00000,0x0000000791f00000)
  from space 56832K, 73% used [0x0000000792200000,0x0000000794ae57e8,0x0000000795980000)
  to   space 60416K, 0% used [0x0000000795a00000,0x0000000795a00000,0x0000000799500000)
 ParOldGen       total 134656K, used 50120K [0x0000000720000000, 0x0000000728380000, 0x000000078ab00000)
  object space 134656K, 37% used [0x0000000720000000,0x00000007230f2020,0x0000000728380000)
 Metaspace       used 92393K, capacity 98206K, committed 98380K, reserved 1134592K
  class space    used 11785K, capacity 13069K, committed 13184K, reserved 1048576K

Card table byte_map: [0x0000000012190000,0x00000000126a0000] byte_map_base: 0x000000000e890000

Marking Bits: (ParMarkBitMap*) 0x000000006e895aa0
 Begin Bits: [0x0000000013000000, 0x0000000015800000)
 End Bits:   [0x0000000015800000, 0x0000000018000000)

Polling page: 0x00000000008e0000

CodeCache: size=245760Kb used=62023Kb max_used=62044Kb free=183736Kb
 bounds [0x0000000002dd0000, 0x0000000006ac0000, 0x0000000011dd0000]
 total_blobs=18469 nmethods=17583 adapters=795
 compilation: enabled

Compilation events (10 events):
Event: 21718.426 Thread 0x000000001bd4e000 nmethod 22055% 0x0000000006aaafd0 code [0x0000000006aab6c0, 0x0000000006ab3038]
Event: 21718.426 Thread 0x000000001bd4e000 22076       4       org.gradle.api.internal.tasks.compile.incremental.deps.ClassDependentsAccumulator::rememberClass (36 bytes)
Event: 21718.427 Thread 0x0000000018efd000 nmethod 22074 0x0000000006aa70d0 code [0x0000000006aa7260, 0x0000000006aa77a8]
Event: 21718.438 Thread 0x000000001bd4e000 nmethod 22076 0x0000000006a88d10 code [0x0000000006a88f00, 0x0000000006a89e70]
Event: 21718.438 Thread 0x000000001bd4f000 22077       3       org.gradle.util.CollectionUtils::join (103 bytes)
Event: 21718.439 Thread 0x000000001bd4f000 nmethod 22077 0x0000000006aa5810 code [0x0000000006aa5aa0, 0x0000000006aa6aa8]
Event: 21718.439 Thread 0x000000001bd4f000 22078       3       org.gradle.util.CollectionUtils::join (17 bytes)
Event: 21718.439 Thread 0x000000001bd4f000 nmethod 22078 0x0000000006a8b450 code [0x0000000006a8b600, 0x0000000006a8bb78]
Event: 21718.460 Thread 0x000000001bd4f000 22079       3       com.google.common.collect.ImmutableSet::of (17 bytes)
Event: 21718.460 Thread 0x000000001bd4f000 nmethod 22079 0x0000000006a60650 code [0x0000000006a607c0, 0x0000000006a60c08]

GC Heap History (10 events):
Event: 20142.006 GC heap after
Heap after GC invocations=28 (full 3):
 PSYoungGen      total 167936K, used 29310K [0x000000078ab00000, 0x0000000797d00000, 0x00000007c0000000)
  eden space 138240K, 0% used [0x000000078ab00000,0x000000078ab00000,0x0000000793200000)
  from space 29696K, 98% used [0x0000000793600000,0x000000079529f880,0x0000000795300000)
  to   space 38400K, 0% used [0x0000000795780000,0x0000000795780000,0x0000000797d00000)
 ParOldGen       total 134656K, used 47238K [0x0000000720000000, 0x0000000728380000, 0x000000078ab00000)
  object space 134656K, 35% used [0x0000000720000000,0x0000000722e21920,0x0000000728380000)
 Metaspace       used 91224K, capacity 96640K, committed 96768K, reserved 1132544K
  class space    used 11699K, capacity 12940K, committed 13056K, reserved 1048576K
}
Event: 21697.951 GC heap before
{Heap before GC invocations=29 (full 3):
 PSYoungGen      total 167936K, used 167550K [0x000000078ab00000, 0x0000000797d00000, 0x00000007c0000000)
  eden space 138240K, 100% used [0x000000078ab00000,0x0000000793200000,0x0000000793200000)
  from space 29696K, 98% used [0x0000000793600000,0x000000079529f880,0x0000000795300000)
  to   space 38400K, 0% used [0x0000000795780000,0x0000000795780000,0x0000000797d00000)
 ParOldGen       total 134656K, used 47238K [0x0000000720000000, 0x0000000728380000, 0x000000078ab00000)
  object space 134656K, 35% used [0x0000000720000000,0x0000000722e21920,0x0000000728380000)
 Metaspace       used 91847K, capacity 97522K, committed 97792K, reserved 1134592K
  class space    used 11753K, capacity 13019K, committed 13056K, reserved 1048576K
Event: 21697.977 GC heap after
Heap after GC invocations=29 (full 3):
 PSYoungGen      total 170496K, used 38395K [0x000000078ab00000, 0x0000000798500000, 0x00000007c0000000)
  eden space 132096K, 0% used [0x000000078ab00000,0x000000078ab00000,0x0000000792c00000)
  from space 38400K, 99% used [0x0000000795780000,0x0000000797cfee80,0x0000000797d00000)
  to   space 44544K, 0% used [0x0000000792c00000,0x0000000792c00000,0x0000000795780000)
 ParOldGen       total 134656K, used 49347K [0x0000000720000000, 0x0000000728380000, 0x000000078ab00000)
  object space 134656K, 36% used [0x0000000720000000,0x0000000723030f90,0x0000000728380000)
 Metaspace       used 91847K, capacity 97522K, committed 97792K, reserved 1134592K
  class space    used 11753K, capacity 13019K, committed 13056K, reserved 1048576K
}
Event: 21713.149 GC heap before
{Heap before GC invocations=30 (full 3):
 PSYoungGen      total 170496K, used 170491K [0x000000078ab00000, 0x0000000798500000, 0x00000007c0000000)
  eden space 132096K, 100% used [0x000000078ab00000,0x0000000792c00000,0x0000000792c00000)
  from space 38400K, 99% used [0x0000000795780000,0x0000000797cfee80,0x0000000797d00000)
  to   space 44544K, 0% used [0x0000000792c00000,0x0000000792c00000,0x0000000795780000)
 ParOldGen       total 134656K, used 49347K [0x0000000720000000, 0x0000000728380000, 0x000000078ab00000)
  object space 134656K, 36% used [0x0000000720000000,0x0000000723030f90,0x0000000728380000)
 Metaspace       used 92171K, capacity 97990K, committed 98176K, reserved 1134592K
  class space    used 11780K, capacity 13065K, committed 13184K, reserved 1048576K
Event: 21713.172 GC heap after
Heap after GC invocations=30 (full 3):
 PSYoungGen      total 173056K, used 41473K [0x000000078ab00000, 0x0000000798a80000, 0x00000007c0000000)
  eden space 128512K, 0% used [0x000000078ab00000,0x000000078ab00000,0x0000000792880000)
  from space 44544K, 93% used [0x0000000792c00000,0x0000000795480688,0x0000000795780000)
  to   space 50176K, 0% used [0x0000000795980000,0x0000000795980000,0x0000000798a80000)
 ParOldGen       total 134656K, used 50104K [0x0000000720000000, 0x0000000728380000, 0x000000078ab00000)
  object space 134656K, 37% used [0x0000000720000000,0x00000007230ee020,0x0000000728380000)
 Metaspace       used 92171K, capacity 97990K, committed 98176K, reserved 1134592K
  class space    used 11780K, capacity 13065K, committed 13184K, reserved 1048576K
}
Event: 21717.105 GC heap before
{Heap before GC invocations=31 (full 3):
 PSYoungGen      total 173056K, used 169985K [0x000000078ab00000, 0x0000000798a80000, 0x00000007c0000000)
  eden space 128512K, 100% used [0x000000078ab00000,0x0000000792880000,0x0000000792880000)
  from space 44544K, 93% used [0x0000000792c00000,0x0000000795480688,0x0000000795780000)
  to   space 50176K, 0% used [0x0000000795980000,0x0000000795980000,0x0000000798a80000)
 ParOldGen       total 134656K, used 50104K [0x0000000720000000, 0x0000000728380000, 0x000000078ab00000)
  object space 134656K, 37% used [0x0000000720000000,0x00000007230ee020,0x0000000728380000)
 Metaspace       used 92301K, capacity 98142K, committed 98380K, reserved 1134592K
  class space    used 11784K, capacity 13069K, committed 13184K, reserved 1048576K
Event: 21717.126 GC heap after
Heap after GC invocations=31 (full 3):
 PSYoungGen      total 172032K, used 48038K [0x000000078ab00000, 0x0000000799400000, 0x00000007c0000000)
  eden space 121856K, 0% used [0x000000078ab00000,0x000000078ab00000,0x0000000792200000)
  from space 50176K, 95% used [0x0000000795980000,0x00000007988699c0,0x0000000798a80000)
  to   space 56832K, 0% used [0x0000000792200000,0x0000000792200000,0x0000000795980000)
 ParOldGen       total 134656K, used 50112K [0x0000000720000000, 0x0000000728380000, 0x000000078ab00000)
  object space 134656K, 37% used [0x0000000720000000,0x00000007230f0020,0x0000000728380000)
 Metaspace       used 92301K, capacity 98142K, committed 98380K, reserved 1134592K
  class space    used 11784K, capacity 13069K, committed 13184K, reserved 1048576K
}
Event: 21718.484 GC heap before
{Heap before GC invocations=32 (full 3):
 PSYoungGen      total 172032K, used 124294K [0x000000078ab00000, 0x0000000799400000, 0x00000007c0000000)
  eden space 121856K, 62% used [0x000000078ab00000,0x000000078f577fd8,0x0000000792200000)
  from space 50176K, 95% used [0x0000000795980000,0x00000007988699c0,0x0000000798a80000)
  to   space 56832K, 0% used [0x0000000792200000,0x0000000792200000,0x0000000795980000)
 ParOldGen       total 134656K, used 50112K [0x0000000720000000, 0x0000000728380000, 0x000000078ab00000)
  object space 134656K, 37% used [0x0000000720000000,0x00000007230f0020,0x0000000728380000)
 Metaspace       used 92393K, capacity 98206K, committed 98380K, reserved 1134592K
  class space    used 11785K, capacity 13069K, committed 13184K, reserved 1048576K
Event: 21718.500 GC heap after
Heap after GC invocations=32 (full 3):
 PSYoungGen      total 175616K, used 41877K [0x000000078ab00000, 0x0000000799500000, 0x00000007c0000000)
  eden space 118784K, 0% used [0x000000078ab00000,0x000000078ab00000,0x0000000791f00000)
  from space 56832K, 73% used [0x0000000792200000,0x0000000794ae57e8,0x0000000795980000)
  to   space 60416K, 0% used [0x0000000795a00000,0x0000000795a00000,0x0000000799500000)
 ParOldGen       total 134656K, used 50120K [0x0000000720000000, 0x0000000728380000, 0x000000078ab00000)
  object space 134656K, 37% used [0x0000000720000000,0x00000007230f2020,0x0000000728380000)
 Metaspace       used 92393K, capacity 98206K, committed 98380K, reserved 1134592K
  class space    used 11785K, capacity 13069K, committed 13184K, reserved 1048576K
}
Event: 21718.500 GC heap before
{Heap before GC invocations=33 (full 4):
 PSYoungGen      total 175616K, used 41877K [0x000000078ab00000, 0x0000000799500000, 0x00000007c0000000)
  eden space 118784K, 0% used [0x000000078ab00000,0x000000078ab00000,0x0000000791f00000)
  from space 56832K, 73% used [0x0000000792200000,0x0000000794ae57e8,0x0000000795980000)
  to   space 60416K, 0% used [0x0000000795a00000,0x0000000795a00000,0x0000000799500000)
 ParOldGen       total 134656K, used 50120K [0x0000000720000000, 0x0000000728380000, 0x000000078ab00000)
  object space 134656K, 37% used [0x0000000720000000,0x00000007230f2020,0x0000000728380000)
 Metaspace       used 92393K, capacity 98206K, committed 98380K, reserved 1134592K
  class space    used 11785K, capacity 13069K, committed 13184K, reserved 1048576K

Deoptimization events (10 events):
Event: 21717.387 Thread 0x000000002082d800 Uncommon trap: reason=speculate_class_check action=maybe_recompile pc=0x000000000475a4f4 method=com.sun.tools.javac.code.Type.hasTag(Lcom/sun/tools/javac/code/TypeTag;)Z @ 2
Event: 21717.387 Thread 0x000000002082d800 Uncommon trap: reason=speculate_class_check action=maybe_recompile pc=0x000000000475a4f4 method=com.sun.tools.javac.code.Type.hasTag(Lcom/sun/tools/javac/code/TypeTag;)Z @ 2
Event: 21717.387 Thread 0x000000002082d800 Uncommon trap: reason=speculate_class_check action=maybe_recompile pc=0x000000000475a4f4 method=com.sun.tools.javac.code.Type.hasTag(Lcom/sun/tools/javac/code/TypeTag;)Z @ 2
Event: 21717.387 Thread 0x000000002082d800 Uncommon trap: reason=speculate_class_check action=maybe_recompile pc=0x000000000475a4f4 method=com.sun.tools.javac.code.Type.hasTag(Lcom/sun/tools/javac/code/TypeTag;)Z @ 2
Event: 21717.387 Thread 0x000000002082d800 Uncommon trap: reason=unstable_if action=reinterpret pc=0x00000000031ddf7c method=com.sun.tools.javac.comp.Check.checkConflicts(Lcom/sun/tools/javac/util/JCDiagnostic$DiagnosticPosition;Lcom/sun/tools/javac/code/Symbol;Lcom/sun/tools/javac/code/Symbol$Typ
Event: 21717.496 Thread 0x000000002082d800 Uncommon trap: reason=unstable_if action=reinterpret pc=0x0000000006611180 method=com.sun.tools.javac.code.DeferredLintHandler.flush(Lcom/sun/tools/javac/util/JCDiagnostic$DiagnosticPosition;)V @ 15
Event: 21717.498 Thread 0x000000002082d800 Uncommon trap: reason=unstable_if action=reinterpret pc=0x0000000004884a54 method=com.sun.tools.javac.code.Symbol.hiddenInInternal(Lcom/sun/tools/javac/code/Symbol$ClassSymbol;Lcom/sun/tools/javac/code/Types;)Lcom/sun/tools/javac/code/Symbol; @ 65
Event: 21718.240 Thread 0x000000002082d800 Uncommon trap: reason=unstable_if action=reinterpret pc=0x000000000544c3f0 method=com.sun.tools.javac.code.Symbol.isDeprecated()Z @ 10
Event: 21718.249 Thread 0x000000002082d800 Uncommon trap: reason=unstable_if action=reinterpret pc=0x00000000069fcbe8 method=com.sun.tools.javac.jvm.ClassWriter.writeFlagAttrs(J)I @ 9
Event: 21718.274 Thread 0x000000002082d800 Uncommon trap: reason=unstable_if action=reinterpret pc=0x0000000005223a50 method=com.sun.tools.javac.jvm.ClassWriter.writeFlagAttrs(J)I @ 9

Classes redefined (0 events):
No events

Internal exceptions (10 events):
Event: 21712.760 Thread 0x000000002082d800 Exception <a 'sun/nio/fs/WindowsException'> (0x00000007917cc930) thrown at [D:\src\AOSP-openjdk-cygwin\jdk8u\hotspot\src\share\vm\prims\jni.cpp, line 709]
Event: 21712.760 Thread 0x000000002082d800 Exception <a 'sun/nio/fs/WindowsException'> (0x00000007917cd040) thrown at [D:\src\AOSP-openjdk-cygwin\jdk8u\hotspot\src\share\vm\prims\jni.cpp, line 709]
Event: 21712.760 Thread 0x000000002082d800 Exception <a 'sun/nio/fs/WindowsException'> (0x00000007917cdfb8) thrown at [D:\src\AOSP-openjdk-cygwin\jdk8u\hotspot\src\share\vm\prims\jni.cpp, line 709]
Event: 21712.760 Thread 0x000000002082d800 Exception <a 'sun/nio/fs/WindowsException'> (0x00000007917ce6d0) thrown at [D:\src\AOSP-openjdk-cygwin\jdk8u\hotspot\src\share\vm\prims\jni.cpp, line 709]
Event: 21712.760 Thread 0x000000002082d800 Exception <a 'sun/nio/fs/WindowsException'> (0x00000007917cf770) thrown at [D:\src\AOSP-openjdk-cygwin\jdk8u\hotspot\src\share\vm\prims\jni.cpp, line 709]
Event: 21712.760 Thread 0x000000002082d800 Exception <a 'sun/nio/fs/WindowsException'> (0x00000007917cfe80) thrown at [D:\src\AOSP-openjdk-cygwin\jdk8u\hotspot\src\share\vm\prims\jni.cpp, line 709]
Event: 21712.761 Thread 0x000000002082d800 Exception <a 'sun/nio/fs/WindowsException'> (0x00000007917d0e38) thrown at [D:\src\AOSP-openjdk-cygwin\jdk8u\hotspot\src\share\vm\prims\jni.cpp, line 709]
Event: 21712.761 Thread 0x000000002082d800 Exception <a 'sun/nio/fs/WindowsException'> (0x00000007917d1550) thrown at [D:\src\AOSP-openjdk-cygwin\jdk8u\hotspot\src\share\vm\prims\jni.cpp, line 709]
Event: 21712.797 Thread 0x000000002082d800 Exception <a 'sun/nio/fs/WindowsException'> (0x0000000791876ac8) thrown at [D:\src\AOSP-openjdk-cygwin\jdk8u\hotspot\src\share\vm\prims\jni.cpp, line 709]
Event: 21716.555 Thread 0x000000002082d800 Exception <a 'sun/nio/fs/WindowsException'> (0x000000079137db30) thrown at [D:\src\AOSP-openjdk-cygwin\jdk8u\hotspot\src\share\vm\prims\jni.cpp, line 709]

Events (10 events):
Event: 21718.274 Thread 0x000000002082d800 Uncommon trap: trap_request=0xffffff65 fr.pc=0x0000000005223a50
Event: 21718.274 Thread 0x000000002082d800 DEOPT PACKING pc=0x0000000005223a50 sp=0x000000003b8ac5e0
Event: 21718.274 Thread 0x000000002082d800 DEOPT UNPACKING pc=0x0000000002e1557b sp=0x000000003b8ac570 mode 2
Event: 21718.468 loading class org/gradle/api/internal/tasks/compile/incremental/jar/DefaultJarSnapshotter$1
Event: 21718.468 loading class org/gradle/api/internal/tasks/compile/incremental/jar/DefaultJarSnapshotter$1 done
Event: 21718.472 loading class org/apache/tools/zip/ZipFile
Event: 21718.472 loading class org/apache/tools/zip/ZipFile done
Event: 21718.474 loading class org/apache/tools/zip/ZipEntry
Event: 21718.474 loading class org/apache/tools/zip/ZipEntry done
Event: 21718.474 Executing VM operation: CollectForMetadataAllocation


Dynamic libraries:
0x00007ff697810000 - 0x00007ff697841000 	D:\Soft\AndroidStudio\as_studio\jre\bin\java.exe
0x00007ffa5b7f0000 - 0x00007ffa5b9d1000 	C:\WINDOWS\SYSTEM32\ntdll.dll
0x00007ffa5af70000 - 0x00007ffa5b022000 	C:\WINDOWS\System32\KERNEL32.DLL
0x00007ffa58580000 - 0x00007ffa587f3000 	C:\WINDOWS\System32\KERNELBASE.dll
0x00007ffa5a6d0000 - 0x00007ffa5a771000 	C:\WINDOWS\System32\ADVAPI32.dll
0x00007ffa5a470000 - 0x00007ffa5a50e000 	C:\WINDOWS\System32\msvcrt.dll
0x00007ffa5a510000 - 0x00007ffa5a56b000 	C:\WINDOWS\System32\sechost.dll
0x00007ffa58e10000 - 0x00007ffa58f34000 	C:\WINDOWS\System32\RPCRT4.dll
0x00007ffa5b480000 - 0x00007ffa5b610000 	C:\WINDOWS\System32\USER32.dll
0x00007ffa58a40000 - 0x00007ffa58a60000 	C:\WINDOWS\System32\win32u.dll
0x00007ffa5b790000 - 0x00007ffa5b7b8000 	C:\WINDOWS\System32\GDI32.dll
0x00007ffa582d0000 - 0x00007ffa58462000 	C:\WINDOWS\System32\gdi32full.dll
0x00007ffa58a60000 - 0x00007ffa58aff000 	C:\WINDOWS\System32\msvcp_win.dll
0x00007ffa58b80000 - 0x00007ffa58c7a000 	C:\WINDOWS\System32\ucrtbase.dll
0x00007ffa4b920000 - 0x00007ffa4bb89000 	C:\WINDOWS\WinSxS\amd64_microsoft.windows.common-controls_6595b64144ccf1df_6.0.17134.472_none_fb3f9af53068156d\COMCTL32.dll
0x00007ffa5ac40000 - 0x00007ffa5af62000 	C:\WINDOWS\System32\combase.dll
0x00007ffa58b00000 - 0x00007ffa58b7a000 	C:\WINDOWS\System32\bcryptPrimitives.dll
0x00007ffa5b670000 - 0x00007ffa5b69d000 	C:\WINDOWS\System32\IMM32.DLL
0x00007ffa57a90000 - 0x00007ffa57afe000 	C:\WINDOWS\System32\dtrampo.dll
0x000000006de30000 - 0x000000006df02000 	D:\Soft\AndroidStudio\as_studio\jre\jre\bin\msvcr100.dll
0x000000006e0d0000 - 0x000000006e911000 	D:\Soft\AndroidStudio\as_studio\jre\jre\bin\server\jvm.dll
0x00007ffa58c80000 - 0x00007ffa58c88000 	C:\WINDOWS\System32\PSAPI.DLL
0x00007ffa547f0000 - 0x00007ffa547f9000 	C:\WINDOWS\SYSTEM32\WSOCK32.dll
0x00007ffa5b6a0000 - 0x00007ffa5b70c000 	C:\WINDOWS\System32\WS2_32.dll
0x00007ffa55c00000 - 0x00007ffa55c23000 	C:\WINDOWS\SYSTEM32\WINMM.dll
0x00007ffa4d5f0000 - 0x00007ffa4d5fa000 	C:\WINDOWS\SYSTEM32\VERSION.dll
0x00007ffa55af0000 - 0x00007ffa55b1a000 	C:\WINDOWS\SYSTEM32\WINMMBASE.dll
0x00007ffa58800000 - 0x00007ffa58849000 	C:\WINDOWS\System32\cfgmgr32.dll
0x00007ffa547e0000 - 0x00007ffa547ef000 	D:\Soft\AndroidStudio\as_studio\jre\jre\bin\verify.dll
0x00007ffa54600000 - 0x00007ffa54629000 	D:\Soft\AndroidStudio\as_studio\jre\jre\bin\java.dll
0x00007ffa547c0000 - 0x00007ffa547d6000 	D:\Soft\AndroidStudio\as_studio\jre\jre\bin\zip.dll
0x000000001a8c0000 - 0x000000001bd00000 	C:\WINDOWS\System32\SHELL32.dll
0x00007ffa58d60000 - 0x00007ffa58e09000 	C:\WINDOWS\System32\shcore.dll
0x00007ffa57bc0000 - 0x00007ffa582cd000 	C:\WINDOWS\System32\windows.storage.dll
0x00007ffa5b610000 - 0x00007ffa5b661000 	C:\WINDOWS\System32\shlwapi.dll
0x00007ffa57b80000 - 0x00007ffa57b91000 	C:\WINDOWS\System32\kernel.appcore.dll
0x00007ffa57b10000 - 0x00007ffa57b2f000 	C:\WINDOWS\System32\profapi.dll
0x00007ffa57b30000 - 0x00007ffa57b7c000 	C:\WINDOWS\System32\powrprof.dll
0x00007ffa57b00000 - 0x00007ffa57b0a000 	C:\WINDOWS\System32\FLTLIB.DLL
0x00007ffa38780000 - 0x00007ffa3879a000 	D:\Soft\AndroidStudio\as_studio\jre\jre\bin\net.dll
0x00007ffa57310000 - 0x00007ffa57376000 	C:\WINDOWS\system32\mswsock.dll
0x00007ffa35940000 - 0x00007ffa35951000 	D:\Soft\AndroidStudio\as_studio\jre\jre\bin\nio.dll
0x00007ffa47540000 - 0x00007ffa4755e000 	C:\Users\MoeRookie\.gradle\native\25\windows-amd64\native-platform.dll
0x00007ffa538f0000 - 0x00007ffa538fd000 	D:\Soft\AndroidStudio\as_studio\jre\jre\bin\management.dll
0x00007ffa574c0000 - 0x00007ffa574d7000 	C:\WINDOWS\SYSTEM32\CRYPTSP.dll
0x00007ffa56ef0000 - 0x00007ffa56f23000 	C:\WINDOWS\system32\rsaenh.dll
0x00007ffa575f0000 - 0x00007ffa57615000 	C:\WINDOWS\SYSTEM32\bcrypt.dll
0x00007ffa579c0000 - 0x00007ffa579e8000 	C:\WINDOWS\SYSTEM32\USERENV.dll
0x00007ffa574e0000 - 0x00007ffa574eb000 	C:\WINDOWS\SYSTEM32\CRYPTBASE.dll
0x00007ffa57090000 - 0x00007ffa570c8000 	C:\WINDOWS\SYSTEM32\IPHLPAPI.DLL
0x00007ffa5b720000 - 0x00007ffa5b728000 	C:\WINDOWS\System32\NSI.dll
0x00007ffa4dea0000 - 0x00007ffa4deb6000 	C:\WINDOWS\SYSTEM32\dhcpcsvc6.DLL
0x00007ffa4fe90000 - 0x00007ffa4feaa000 	C:\WINDOWS\SYSTEM32\dhcpcsvc.DLL
0x00007ffa4c620000 - 0x00007ffa4c7e9000 	C:\WINDOWS\SYSTEM32\dbghelp.dll

VM Arguments:
jvm_args: -XX:MaxPermSize=1024m -XX:+HeapDumpOnOutOfMemoryError -Xmx2560m -Dfile.encoding=UTF-8 -Duser.country=CN -Duser.language=zh -Duser.variant 
java_command: org.gradle.launcher.daemon.bootstrap.GradleDaemon 4.6
java_class_path (initial): C:\Users\MoeRookie\.gradle\wrapper\dists\gradle-4.6-all\bcst21l2brirad8k2ben1letg\gradle-4.6\lib\gradle-launcher-4.6.jar
Launcher Type: SUN_STANDARD

Environment Variables:
PATH=C:\Program Files (x86)\Intel\Intel(R) Management Engine Components\iCLS\;C:\Program Files\Intel\Intel(R) Management Engine Components\iCLS\;C:\Windows\system32;C:\Windows;C:\Windows\System32\Wbem;C:\Windows\System32\WindowsPowerShell\v1.0\;C:\Program Files (x86)\Intel\Intel(R) Management Engine Components\DAL;C:\Program Files\Intel\Intel(R) Management Engine Components\DAL;C:\Program Files (x86)\Intel\Intel(R) Management Engine Components\IPT;C:\Program Files\Intel\Intel(R) Management Engine Components\IPT;C:\Program Files (x86)\NVIDIA Corporation\PhysX\Common;D:\Soft\Git\Git\cmd;D:\Soft\Nodejs\;D:\Soft\AndroidStudio\as_sdk;D:\Soft\Python;C:\Program Files (x86)\Microsoft SQL Server\100\Tools\Binn\;C:\Program Files\Microsoft SQL Server\100\Tools\Binn\;C:\Program Files\Microsoft SQL Server\100\DTS\Binn\;C:\Program Files (x86)\Microsoft SQL Server\100\Tools\Binn\VSShell\Common7\IDE\;C:\Program Files (x86)\Microsoft SQL Server\100\DTS\Binn\;C:\WINDOWS\system32;C:\WINDOWS;C:\WINDOWS\System32\Wbem;C:\WINDOWS\System32\WindowsPowerShell\v1.0\;C:\WINDOWS\System32\OpenSSH\;D:\Soft\AndroidStudio\as_sdk\platform-tools;D:\Soft\Python\Scripts\;D:\Soft\Python\;C:\Users\MoeRookie\AppData\Local\Microsoft\WindowsApps;C:\Users\MoeRookie\AppData\Roaming\npm;
USERNAME=MoeRookie
OS=Windows_NT
PROCESSOR_IDENTIFIER=Intel64 Family 6 Model 158 Stepping 10, GenuineIntel



---------------  S Y S T E M  ---------------

OS: Windows 10.0 , 64 bit Build 17134 (10.0.17134.1)

CPU:total 6 (initial active 6) (6 cores per cpu, 1 threads per core) family 6 model 158 stepping 10, cmov, cx8, fxsr, mmx, sse, sse2, sse3, ssse3, sse4.1, sse4.2, popcnt, avx, avx2, aes, clmul, erms, 3dnowpref, lzcnt, tsc, tscinvbit, bmi1, bmi2, adx

Memory: 4k page, physical 8213752k(1679252k free), swap 14243064k(3178816k free)

vm_info: OpenJDK 64-Bit Server VM (25.152-b06) for windows-amd64 JRE (1.8.0_152-release-1136-b06), built by "builder" with MS VC++ 10.0 (VS2010)

time: Wed Jan 02 15:53:02 2019
elapsed time: 21718 seconds (0d 6h 1m 58s)

